Time[ps]    Etot/N[eV]   Epot/N[eV]   Ekin/N[eV]    T[K]
0.030          -6.1598      -7.2935       1.1337  8770.5
Time[ps]    Etot/N[eV]   Epot/N[eV]   Ekin/N[eV]    T[K]
0.030          -6.3178      -7.3309       1.0130  7837.0
0.060          -7.5022      -7.6432       0.1410  1090.9
0.090          -7.6577      -7.7150       0.0573   443.5
0.120          -7.6921      -7.8320       0.1399  1082.3
0.150          -7.5724      -7.9367       0.3643  2818.4
0.180          -7.3920      -7.7569       0.3649  2823.2
0.210          -7.1322      -7.7823       0.6501  5029.4
0.240          -7.4290      -7.7351       0.3061  2368.0
0.270          -7.5497      -7.6777       0.1280   990.5
0.300          -7.4716      -7.8028       0.3312  2562.4
0.330          -7.3271      -7.6767       0.3496  2704.3
0.360          -7.3169      -7.9598       0.6428  4973.2
0.390          -7.6570      -7.8418       0.1848  1429.4
0.420          -7.7759      -8.1712       0.3953  3058.2
0.450          -7.9600      -8.2552       0.2952  2283.8
0.480          -8.0584      -8.3266       0.2682  2074.9
0.510          -8.0482      -8.3645       0.3162  2446.5
0.540          -8.0470      -8.5091       0.4621  3575.0
0.570          -8.1712      -8.4160       0.2449  1894.3
0.600          -8.1617      -8.4831       0.3215  2487.0
0.630          -8.1017      -8.4611       0.3594  2780.5
0.660          -8.0965      -8.5730       0.4765  3686.2
0.690          -8.3113      -8.6396       0.3283  2539.7
0.720          -8.4397      -8.6924       0.2526  1954.6
0.750          -8.4666      -8.6963       0.2298  1777.5
0.780          -8.3686      -8.7342       0.3656  2828.2
0.810          -8.2560      -8.6530       0.3969  3070.7
0.840          -8.2396      -8.6356       0.3960  3063.6
0.870          -8.3188      -8.7658       0.4470  3458.0
0.900          -8.5568      -8.8538       0.2970  2297.3
0.930          -8.7355      -8.9849       0.2494  1929.2
0.960          -8.7662      -9.0661       0.2998  2319.5
0.990          -8.7181      -9.0428       0.3247  2512.3
1.020          -8.6481      -8.9308       0.2827  2186.9
1.050          -8.5151      -8.8080       0.2929  2266.1
1.080          -8.3576      -8.9071       0.5495  4251.1
1.110          -8.4738      -8.8011       0.3273  2532.1
1.140          -8.5628      -8.8336       0.2708  2095.2
1.170          -8.5596      -8.7981       0.2386  1845.6
1.200          -8.4300      -8.8777       0.4477  3463.3
1.230          -8.4245      -8.8992       0.4747  3672.4
1.260          -8.5592      -8.9519       0.3927  3038.3
1.290          -8.6870      -8.9959       0.3089  2389.4
1.320          -8.7188      -9.0121       0.2933  2269.3
1.350          -8.6756      -8.9349       0.2592  2005.5
1.380          -8.5882      -8.9201       0.3319  2567.8
1.410          -8.5080      -8.8849       0.3769  2915.9
1.440          -8.4485      -8.9556       0.5071  3923.4
1.470          -8.5111      -8.8873       0.3761  2910.0
1.500          -8.5414      -8.8491       0.3076  2379.8
1.530          -8.4927      -8.7461       0.2534  1960.1
1.560          -8.3725      -8.8598       0.4873  3770.3
1.590          -8.4625      -8.8200       0.3575  2765.6
1.620          -8.6190      -9.0009       0.3819  2954.8
1.650          -8.7629      -8.9544       0.1915  1481.2
1.680          -8.7416      -9.0506       0.3090  2390.6
1.710          -8.6593      -8.8888       0.2295  1775.3
1.740          -8.5155      -8.9183       0.4028  3116.5
1.770          -8.4156      -8.8272       0.4116  3184.1
1.800          -8.4384      -8.8089       0.3705  2866.1
1.830          -8.5095      -8.8470       0.3375  2610.7
1.860          -8.5673      -8.8139       0.2465  1907.4
1.890          -8.5456      -8.8655       0.3199  2474.9
1.920          -8.4805      -8.9287       0.4482  3467.2
1.950          -8.5201      -8.9611       0.4411  3412.3
1.980          -8.6941      -8.9443       0.2501  1935.0
2.010          -8.7420      -9.0490       0.3070  2374.9
2.040          -8.7181      -8.8775       0.1594  1233.4
2.070          -8.5216      -8.9347       0.4131  3196.0
2.100          -8.3528      -8.8690       0.5162  3993.6
2.130          -8.5003      -8.7927       0.2923  2261.7
2.160          -8.6504      -8.9907       0.3404  2633.2
2.190          -8.7457      -9.0144       0.2687  2078.8
2.220          -8.7252      -8.9636       0.2384  1844.4
2.250          -8.5682      -8.9014       0.3332  2577.9
2.280          -8.3945      -8.7290       0.3344  2587.4
2.310          -8.3139      -8.7611       0.4472  3460.0
2.340          -8.5767      -8.9738       0.3971  3072.2
2.370          -8.8580      -9.0220       0.1640  1268.6
2.400          -8.8772      -9.0618       0.1846  1428.1
2.430          -8.7252      -8.9514       0.2262  1750.3
2.460          -8.3639      -8.9844       0.6205  4800.3
2.490          -8.3729      -8.6639       0.2910  2251.4
2.520          -8.4176      -8.6626       0.2450  1895.3
2.550          -8.3539      -8.7892       0.4353  3367.8
2.580          -8.4043      -8.7359       0.3316  2565.1
2.610          -8.5243      -8.7928       0.2685  2076.9
2.640          -8.5584      -8.9075       0.3491  2700.7
2.670          -8.5775      -8.9263       0.3488  2698.8
2.700          -8.6496      -8.9896       0.3400  2630.1
2.730          -8.7210      -8.9795       0.2585  1999.5
2.760          -8.6846      -9.0146       0.3300  2552.8
2.790          -8.5837      -8.9388       0.3552  2747.7
2.820          -8.5107      -8.8621       0.3514  2718.2
2.850          -8.5423      -8.7189       0.1766  1366.4
2.880          -8.5052      -8.9716       0.4664  3608.3
2.910          -8.5952      -8.8285       0.2333  1804.6
2.940          -8.5694      -8.9842       0.4149  3209.4
2.970          -8.5544      -8.8688       0.3144  2432.4
3.000          -8.5445      -8.8503       0.3058  2365.5
3.030          -8.5030      -8.8638       0.3608  2791.5
3.060          -8.4899      -8.8574       0.3675  2842.8
3.090          -8.5310      -8.9792       0.4482  3467.2
3.120          -8.6154      -8.7879       0.1725  1334.3
3.150          -8.5526      -8.9963       0.4438  3433.1
3.180          -8.5870      -8.8390       0.2520  1949.6
3.210          -8.5921      -8.9436       0.3514  2718.8
3.240          -8.5788      -8.8625       0.2837  2194.6
3.270          -8.4868      -8.8888       0.4020  3110.0
3.300          -8.4791      -8.8313       0.3523  2725.3
3.330          -8.6168      -9.0570       0.4402  3405.5
3.360          -8.7784      -8.9675       0.1891  1462.6
3.390          -8.7585      -9.0466       0.2881  2228.8
3.420          -8.6432      -8.8901       0.2469  1910.3
3.450          -8.4527      -8.9676       0.5149  3983.2
3.480          -8.4274      -8.7379       0.3105  2401.9
3.510          -8.4355      -8.7385       0.3030  2344.4
3.540          -8.3847      -8.8984       0.5138  3974.7
3.570          -8.5712      -8.7329       0.1617  1251.2
3.600          -8.5895      -8.9422       0.3526  2727.9
3.630          -8.6173      -8.9597       0.3424  2648.6
3.660          -8.6212      -8.8859       0.2646  2047.4
3.690          -8.5929      -9.0145       0.4217  3262.3
3.720          -8.6531      -9.0004       0.3473  2687.2
3.750          -8.6453      -8.9760       0.3307  2558.5
3.780          -8.6406      -8.9061       0.2655  2054.0
3.810          -8.6034      -8.9092       0.3058  2366.1
3.840          -8.4975      -8.7882       0.2907  2248.8
3.870          -8.4304      -8.9451       0.5147  3981.7
3.900          -8.5937      -8.9108       0.3171  2453.3
3.930          -8.7063      -8.9723       0.2660  2057.7
3.960          -8.7159      -8.9742       0.2582  1997.9
3.990          -8.6160      -9.0063       0.3903  3019.6
4.020          -8.5424      -8.8457       0.3033  2346.3
4.050          -8.4951      -8.8062       0.3111  2406.8
4.080          -8.4125      -8.7456       0.3331  2576.8
4.110          -8.2858      -8.6952       0.4094  3167.1
4.140          -8.3010      -8.7424       0.4414  3415.0
4.170          -8.4578      -8.6748       0.2170  1679.0
4.200          -8.4433      -8.7502       0.3069  2374.4
4.230          -8.4192      -8.7906       0.3715  2873.7
4.260          -8.4807      -8.9806       0.5000  3867.8
4.290          -8.6568      -8.9845       0.3277  2535.1
4.320          -8.7794      -8.9789       0.1995  1543.5
4.350          -8.7508      -9.1457       0.3948  3054.4
4.380          -8.7029      -8.8418       0.1389  1074.5
4.410          -8.4540      -8.8877       0.4337  3355.4
4.440          -8.2362      -8.7290       0.4929  3812.9
4.470          -8.4051      -8.7564       0.3513  2717.8
4.500          -8.5434      -8.8301       0.2867  2218.0
4.530          -8.6162      -8.8464       0.2303  1781.4
4.560          -8.5637      -8.9751       0.4114  3182.9
4.590          -8.5410      -8.7721       0.2311  1787.7
4.620          -8.4925      -8.9609       0.4684  3623.4
4.650          -8.5660      -8.8419       0.2759  2134.6
4.680          -8.6405      -8.9700       0.3295  2549.2
4.710          -8.6812      -8.9984       0.3172  2454.0
4.740          -8.6415      -8.8831       0.2417  1869.7
4.770          -8.4511      -8.9045       0.4534  3507.4
4.800          -8.3808      -8.9473       0.5665  4382.8
4.830          -8.5956      -8.9605       0.3648  2822.3
4.860          -8.7180      -8.9249       0.2069  1600.6
4.890          -8.6935      -9.0865       0.3930  3040.4
4.920          -8.6569      -9.0051       0.3483  2694.2
4.950          -8.6080      -8.8463       0.2383  1843.3
4.980          -8.5268      -8.8691       0.3422  2647.7
5.010          -8.4448      -8.7594       0.3146  2434.2
5.040          -8.2542      -8.7282       0.4740  3666.8
5.070          -8.2950      -8.8032       0.5083  3932.0
5.100          -8.5937      -9.0117       0.4180  3233.4
5.130          -8.8305      -8.9874       0.1569  1213.7
5.160          -8.8362      -9.0256       0.1894  1465.5
5.190          -8.6603      -8.9392       0.2789  2157.6
5.220          -8.3585      -8.9504       0.5918  4578.6
5.250          -8.3845      -8.6552       0.2707  2094.2
5.280          -8.6204      -9.0280       0.4077  3153.8
5.310          -8.7832      -9.0962       0.3130  2421.4
5.340          -8.8757      -9.0189       0.1433  1108.4
5.370          -8.7934      -9.0389       0.2455  1899.4
5.400          -8.4446      -8.9010       0.4564  3531.0
5.430          -8.1831      -8.6242       0.4411  3412.6
5.460          -8.1880      -8.8157       0.6277  4856.2
5.490          -8.5346      -8.7983       0.2637  2039.7
5.520          -8.7408      -9.0306       0.2898  2242.3
5.550          -8.8369      -9.0586       0.2217  1715.4
5.580          -8.7866      -9.0496       0.2631  2035.3
5.610          -8.5958      -8.9528       0.3570  2762.2
5.640          -8.3924      -8.8305       0.4381  3389.3
5.670          -8.3115      -8.7450       0.4335  3353.9
5.700          -8.4084      -8.6081       0.1997  1545.3
5.730          -8.3505      -8.6299       0.2794  2161.5
5.760          -8.1825      -8.8304       0.6479  5012.7
5.790          -8.4869      -8.7115       0.2246  1737.6
5.820          -8.6118      -8.9078       0.2960  2290.2
5.850          -8.6890      -9.0106       0.3216  2488.0
5.880          -8.7347      -9.0232       0.2885  2231.6
5.910          -8.6995      -8.9723       0.2728  2110.8
5.940          -8.5549      -8.9060       0.3510  2715.6
5.970          -8.4206      -8.8170       0.3963  3066.1
6.000          -8.3912      -8.8101       0.4189  3240.7
Time[ps]    Etot/N[eV]   Epot/N[eV]   Ekin/N[eV]    T[K]
0.030          -6.5395      -7.4046       0.8651  6693.0
0.060          -7.5584      -7.6738       0.1154   892.9
0.090          -7.6841      -7.7371       0.0530   409.8
0.120          -7.7054      -7.8236       0.1182   914.8
0.150          -7.5368      -7.9314       0.3946  3052.8
0.180          -7.2962      -7.7926       0.4964  3840.5
0.210          -7.3866      -7.7765       0.3899  3016.6
0.240          -7.6769      -8.1614       0.4845  3748.1
0.270          -8.0104      -8.1752       0.1648  1274.9
0.300          -8.0534      -8.1990       0.1456  1126.6
0.330          -7.8973      -8.3471       0.4497  3479.0
0.360          -7.8740      -8.3833       0.5093  3940.2
0.390          -8.1805      -8.5291       0.3485  2696.4
0.420          -8.3773      -8.5916       0.2143  1658.0
0.450          -8.4185      -8.6970       0.2785  2154.6
0.480          -8.3597      -8.6259       0.2662  2059.7
0.510          -8.2404      -8.7080       0.4676  3617.7
0.540          -8.4375      -8.9255       0.4880  3775.0
0.570          -8.6857      -9.0188       0.3331  2577.1
0.600          -8.8735      -9.1281       0.2546  1969.8
0.630          -8.9287      -9.1599       0.2312  1788.9
0.660          -8.8560      -9.2212       0.3652  2825.5
0.690          -8.7883      -9.1103       0.3220  2491.1
0.720          -8.7505      -9.1641       0.4136  3199.5
0.750          -8.7728      -9.0650       0.2922  2260.5
0.780          -8.7590      -9.1445       0.3855  2982.2
0.810          -8.7549      -9.0246       0.2697  2086.5
0.840          -8.6669      -9.0039       0.3371  2607.6
0.870          -8.5208      -8.8956       0.3749  2900.1
0.900          -8.4094      -8.9631       0.5537  4283.4
0.930          -8.7133      -9.1305       0.4172  3227.7
0.960          -8.9804      -9.2092       0.2288  1770.0
0.990          -9.0652      -9.2196       0.1544  1194.5
1.020          -8.9881      -9.1697       0.1815  1404.4
1.050          -8.6108      -9.1410       0.5302  4101.6
1.080          -8.4366      -9.0741       0.6375  4931.7
1.110          -8.5481      -8.7980       0.2499  1933.1
Time[ps]    Etot/N[eV]   Epot/N[eV]   Ekin/N[eV]    T[K]
0.030          -6.3865      -7.3924       1.0060  7782.7
Time[ps]    Etot/N[eV]   Epot/N[eV]   Ekin/N[eV]    T[K]
0.030          -6.5508      -7.4378       0.8870  6862.1
0.060          -7.5250      -7.6395       0.1144   885.2
0.090          -7.6413      -7.6956       0.0542   419.4
0.120          -7.6506      -7.7660       0.1153   892.3
0.150          -7.4562      -7.7865       0.3303  2555.6
0.180          -7.0560      -7.7259       0.6698  5182.1
0.210          -7.2327      -7.5975       0.3648  2821.9
0.240          -7.4961      -7.9161       0.4200  3249.1
0.270          -7.8030      -8.0696       0.2665  2061.9
0.300          -7.9509      -8.2054       0.2545  1968.9
0.330          -8.0258      -8.4268       0.4010  3102.2
0.360          -8.2611      -8.7163       0.4552  3521.5
0.390          -8.6946      -9.0733       0.3787  2929.9
0.420          -9.1467      -9.5057       0.3591  2777.9
0.450          -9.5968      -9.8860       0.2892  2237.5
0.480          -9.8370     -10.0325       0.1955  1512.7
0.510          -9.9097     -10.0200       0.1103   853.4
0.540          -9.8032     -10.0081       0.2049  1585.0
0.570          -9.4462      -9.8068       0.3606  2789.4
0.600          -8.9883      -9.5197       0.5314  4111.1
0.630          -8.7876      -9.2097       0.4220  3265.0
0.660          -8.8531      -9.3180       0.4648  3596.0
0.690          -9.0561      -9.3337       0.2776  2147.7
0.720          -9.2957      -9.7263       0.4306  3330.9
0.750          -9.6610      -9.9310       0.2701  2089.2
0.780          -9.8127     -10.0099       0.1972  1525.5
0.810          -9.8101      -9.9883       0.1782  1378.6
0.840          -9.6313     -10.0009       0.3697  2859.7
0.870          -9.2872      -9.6456       0.3584  2773.1
0.900          -9.1034      -9.4484       0.3450  2668.7
0.930          -8.8785      -9.3750       0.4965  3840.8
0.960          -9.0344      -9.5870       0.5526  4275.1
0.990          -9.5581      -9.7860       0.2279  1762.8
1.020          -9.7624      -9.9869       0.2245  1737.1
1.050          -9.8147      -9.9838       0.1692  1308.7
1.080          -9.6975      -9.9395       0.2421  1872.6
1.110          -9.3671      -9.8320       0.4649  3596.7
1.140          -9.1483      -9.7461       0.5978  4624.8
1.170          -9.2953      -9.5802       0.2849  2204.2
1.200          -9.3928      -9.7131       0.3203  2477.9
1.230          -9.5159      -9.8515       0.3357  2597.0
1.260          -9.5894      -9.9310       0.3417  2643.4
1.290          -9.6617      -9.9086       0.2469  1910.1
1.320          -9.6303      -9.8661       0.2357  1823.8
1.350          -9.4253      -9.8670       0.4417  3417.2
1.380          -9.2007      -9.4897       0.2891  2236.3
1.410          -9.3104      -9.8014       0.4910  3798.1
1.440          -9.5177      -9.8106       0.2928  2265.5
1.470          -9.6156      -9.8972       0.2816  2178.3
1.500          -9.6242      -9.8228       0.1986  1536.6
1.530          -9.4926      -9.9723       0.4796  3710.7
1.560          -9.4612      -9.8286       0.3674  2842.0
1.590          -9.4768      -9.8689       0.3921  3033.5
1.620          -9.4816      -9.7641       0.2825  2185.3
1.650          -9.4071      -9.7301       0.3230  2498.6
1.680          -9.3225      -9.6995       0.3770  2916.8
1.710          -9.2869      -9.7218       0.4350  3365.0
1.740          -9.4234      -9.7874       0.3640  2815.6
1.770          -9.5589      -9.8582       0.2993  2315.4
1.800          -9.6176      -9.8707       0.2531  1958.2
1.830          -9.5754      -9.8671       0.2917  2257.0
1.860          -9.4624      -9.8593       0.3969  3070.8
1.890          -9.4073      -9.8833       0.4760  3682.7
1.920          -9.5362      -9.8348       0.2987  2310.6
1.950          -9.5665      -9.7082       0.1417  1096.1
1.980          -9.3908      -9.7414       0.3506  2712.3
2.010          -9.0834      -9.8285       0.7451  5764.1
2.040          -9.4850      -9.8288       0.3438  2659.4
2.070          -9.7343      -9.9121       0.1778  1375.7
2.100          -9.7650      -9.9085       0.1434  1109.6
2.130          -9.5941      -9.9481       0.3540  2738.5
2.160          -9.2930      -9.8146       0.5216  4035.0
2.190          -9.2792      -9.6383       0.3592  2778.6
2.220          -9.3065      -9.6195       0.3130  2421.7
2.250          -9.3065      -9.7227       0.4162  3219.8
2.280          -9.4067      -9.7263       0.3196  2472.2
2.310          -9.5163      -9.9014       0.3851  2979.0
2.340          -9.6123      -9.8719       0.2597  2008.7
2.370          -9.5835      -9.9125       0.3290  2545.2
2.400          -9.5080      -9.8087       0.3007  2326.3
2.430          -9.4240      -9.7305       0.3065  2371.1
2.460          -9.2506      -9.7083       0.4577  3540.8
2.490          -9.2640      -9.7275       0.4635  3585.6
2.520          -9.4569      -9.8529       0.3961  3064.0
2.550          -9.6599      -9.8833       0.2235  1728.8
2.580          -9.7059      -9.9439       0.2380  1841.2
2.610          -9.6332      -9.8124       0.1792  1386.0
2.640          -9.3185      -9.7967       0.4782  3699.4
2.670          -9.1957      -9.6737       0.4781  3698.4
2.700          -9.4041      -9.6692       0.2651  2051.0
2.730          -9.5417      -9.8502       0.3086  2387.3
2.760          -9.6159      -9.8662       0.2503  1936.4
2.790          -9.5694      -9.8842       0.3149  2435.9
2.820          -9.4385      -9.8449       0.4065  3144.5
2.850          -9.3870      -9.7256       0.3385  2618.9
2.880          -9.4048      -9.7033       0.2984  2308.7
2.910          -9.4242      -9.8702       0.4460  3450.4
2.940          -9.4951      -9.7353       0.2402  1858.3
2.970          -9.4880      -9.6879       0.1999  1546.9
3.000          -9.4255      -9.9294       0.5040  3898.7
3.030          -9.4765      -9.7380       0.2615  2023.2
3.060          -9.4347      -9.8137       0.3790  2932.4
3.090          -9.4255      -9.7462       0.3207  2481.1
3.120          -9.4217      -9.8412       0.4195  3245.4
3.150          -9.5031      -9.7882       0.2851  2205.5
3.180          -9.6068      -9.9118       0.3050  2359.9
3.210          -9.6214      -9.8289       0.2075  1605.3
3.240          -9.4603      -9.7903       0.3300  2553.3
3.270          -9.2162      -9.6055       0.3893  3011.9
3.300          -9.0030      -9.6741       0.6711  5191.5
3.330          -9.3168      -9.7509       0.4342  3358.9
3.360          -9.5711      -9.8140       0.2429  1879.3
3.390          -9.7272      -9.9256       0.1984  1534.8
3.420          -9.7187      -9.9680       0.2494  1929.1
3.450          -9.5619      -9.9409       0.3789  2931.5
3.480          -9.3841      -9.7779       0.3938  3046.3
3.510          -9.3551      -9.7393       0.3842  2972.1
3.540          -9.3777      -9.6787       0.3010  2328.3
3.570          -9.3589      -9.7188       0.3599  2784.3
3.600          -9.4149      -9.7094       0.2946  2279.0
3.630          -9.4324      -9.7388       0.3063  2369.8
3.660          -9.4289      -9.8487       0.4198  3248.0
3.690          -9.4608      -9.6416       0.1808  1398.9
3.720          -9.3282      -9.7151       0.3868  2992.5
3.750          -9.2454      -9.7537       0.5083  3932.2
3.780          -9.5130      -9.9591       0.4462  3451.6
3.810          -9.7700      -9.9126       0.1425  1102.7
3.840          -9.7784      -9.9586       0.1802  1394.1
3.870          -9.5982      -9.9157       0.3175  2456.1
3.900          -9.3042      -9.7785       0.4742  3668.7
3.930          -9.1866      -9.6535       0.4668  3611.4
3.960          -9.3113      -9.5686       0.2573  1990.5
3.990          -9.3369      -9.6852       0.3483  2694.6
4.020          -9.4167      -9.7927       0.3760  2908.6
4.050          -9.5117      -9.8054       0.2937  2272.0
4.080          -9.5370      -9.8022       0.2652  2051.3
4.110          -9.4773      -9.7853       0.3080  2382.4
4.140          -9.3498      -9.7637       0.4139  3202.3
4.170          -9.3280      -9.5725       0.2446  1892.0
4.200          -9.3885      -9.9683       0.5798  4485.3
4.230          -9.6181      -9.7272       0.1092   844.6
4.260          -9.5989     -10.0186       0.4198  3247.5
4.290          -9.5779      -9.8632       0.2853  2207.4
4.320          -9.5299      -9.7922       0.2623  2029.2
4.350          -9.4406      -9.7317       0.2911  2251.7
4.380          -9.2384      -9.7197       0.4813  3723.6
4.410          -9.1695      -9.4143       0.2448  1893.7
4.440          -9.1594      -9.7647       0.6053  4682.5
4.470          -9.4642      -9.6912       0.2270  1756.4
4.500          -9.6375      -9.9549       0.3174  2455.5
4.530          -9.7124      -9.9463       0.2340  1810.2
4.560          -9.6504      -9.9151       0.2647  2047.6
4.590          -9.4813      -9.7698       0.2885  2231.7
4.620          -9.3094      -9.7327       0.4233  3274.7
4.650          -9.1980      -9.5902       0.3922  3034.2
4.680          -9.1983      -9.5111       0.3127  2419.5
4.710          -9.2760      -9.7057       0.4297  3324.5
4.740          -9.4447      -9.8178       0.3732  2886.8
4.770          -9.6021      -9.8462       0.2441  1888.7
4.800          -9.6333      -9.8916       0.2582  1997.8
4.830          -9.5705      -9.9153       0.3448  2667.2
4.860          -9.5164      -9.7739       0.2575  1992.1
4.890          -9.4304      -9.8193       0.3889  3008.6
4.920          -9.4312      -9.8176       0.3864  2989.0
4.950          -9.4693      -9.6561       0.1868  1445.2
4.980          -9.3627      -9.8024       0.4397  3401.8
5.010          -9.3592      -9.8422       0.4830  3736.6
5.040          -9.4751      -9.6767       0.2015  1559.1
5.070          -9.4751      -9.8890       0.4139  3202.0
5.100          -9.5843      -9.9032       0.3189  2467.5
5.130          -9.6358      -9.8526       0.2168  1677.0
5.160          -9.5345      -9.9051       0.3706  2866.8
5.190          -9.3999      -9.7225       0.3226  2495.4
5.220          -9.3063      -9.6748       0.3685  2850.8
Time[ps]    Etot/N[eV]   Epot/N[eV]   Ekin/N[eV]    T[K]
0.030          -6.3688      -7.2735       0.9047  6998.9
0.060          -7.4527      -7.5716       0.1189   919.6
0.090          -7.5848      -7.6332       0.0484   374.3
0.120          -7.6048      -7.7015       0.0967   748.0
0.150          -7.4280      -7.8425       0.4144  3206.3
0.180          -7.2315      -7.5941       0.3626  2804.8
0.210          -7.2193      -7.7824       0.5631  4356.5
0.240          -7.5013      -7.8134       0.3121  2414.3
0.270          -7.6033      -7.6917       0.0884   683.8
0.300          -7.5204      -7.7023       0.1819  1407.5
0.330          -7.0301      -7.7259       0.6958  5383.0
0.360          -7.1148      -7.6272       0.5124  3964.2
0.390          -7.5581      -7.8404       0.2823  2184.0
0.420          -7.7680      -8.0090       0.2410  1864.3
0.450          -7.8489      -8.0574       0.2084  1612.4
0.480          -7.7870      -8.1124       0.3253  2516.8
0.510          -7.6997      -8.2422       0.5424  4196.2
0.540          -7.9165      -8.2039       0.2874  2223.2
0.570          -8.0164      -8.2686       0.2522  1951.2
0.600          -8.0192      -8.3470       0.3278  2536.0
0.630          -8.0087      -8.3549       0.3462  2678.6
0.660          -8.0064      -8.3818       0.3754  2904.3
0.690          -8.0372      -8.2958       0.2586  2000.6
0.720          -7.9904      -8.2970       0.3066  2371.7
0.750          -7.8758      -8.3326       0.4568  3533.6
0.780          -7.9770      -8.4376       0.4606  3563.7
0.810          -8.1983      -8.4551       0.2568  1986.7
0.840          -8.2524      -8.4592       0.2067  1599.2
0.870          -8.1539      -8.5047       0.3508  2713.9
0.900          -8.0248      -8.3936       0.3688  2853.0
0.930          -7.9574      -8.4243       0.4669  3612.2
0.960          -8.0655      -8.4219       0.3564  2756.9
0.990          -8.1956      -8.4268       0.2312  1788.6
Time[ps]    Etot/N[eV]   Epot/N[eV]   Ekin/N[eV]    T[K]
0.030          -6.3666      -7.2683       0.9018  6976.3
0.060          -7.4796      -7.6126       0.1331  1029.4
0.090          -7.6198      -7.6680       0.0482   372.8
0.120          -7.6424      -7.7729       0.1305  1009.6
0.150          -7.4886      -7.9088       0.4202  3250.8
0.180          -7.3914      -7.9220       0.5305  4104.5
0.210          -7.5072      -7.8023       0.2951  2283.3
0.240          -7.6006      -8.0025       0.4018  3108.7
0.270          -7.7349      -7.9747       0.2398  1855.2
0.300          -7.7364      -7.9862       0.2499  1933.2
0.330          -7.6106      -7.9471       0.3366  2603.8
0.360          -7.4622      -8.0499       0.5877  4546.5
0.390          -7.8454      -8.2796       0.4342  3359.1
0.420          -8.2441      -8.5146       0.2705  2092.9
0.450          -8.5141      -8.8040       0.2899  2242.8
0.480          -8.7039      -8.9822       0.2783  2153.4
0.510          -8.8542      -9.2537       0.3995  3090.8
0.540          -9.0871      -9.3994       0.3123  2416.3
0.570          -9.2347      -9.4717       0.2370  1833.3
0.600          -9.2354      -9.4509       0.2155  1667.4
0.630          -9.0982      -9.2865       0.1883  1456.7
0.660          -8.6804      -9.2116       0.5311  4109.1
0.690          -8.4683      -9.0352       0.5669  4385.9
0.720          -8.7322      -9.0212       0.2891  2236.2
0.750          -8.8622      -9.1581       0.2960  2289.7
0.780          -8.9363      -9.3125       0.3762  2910.5
0.810          -9.0570      -9.3335       0.2764  2138.6
0.840          -9.0930      -9.3648       0.2718  2102.9
0.870          -9.0286      -9.3980       0.3694  2857.7
0.900          -8.9358      -9.2631       0.3273  2532.1
0.930          -8.9030      -9.3728       0.4698  3634.6
0.960          -9.0259      -9.2662       0.2403  1859.1
0.990          -9.0674      -9.4448       0.3774  2919.8
1.020          -9.1478      -9.5425       0.3947  3053.1
1.050          -9.2632      -9.5480       0.2849  2204.0
1.080          -9.2983      -9.5013       0.2030  1570.2
1.110          -9.1905      -9.5011       0.3106  2403.0
1.140          -8.9813      -9.3033       0.3220  2490.8
1.170          -8.9026      -9.2972       0.3945  3052.3
1.200          -8.8946      -9.3616       0.4670  3612.6
1.230          -8.9683      -9.1851       0.2168  1677.6
1.260          -8.9296      -9.2708       0.3412  2639.8
1.290          -8.8245      -9.1083       0.2838  2195.5
1.320          -8.7343      -9.1462       0.4119  3186.9
1.350          -8.8550      -9.2439       0.3889  3008.4
1.380          -8.9256      -9.2388       0.3131  2422.4
1.410          -9.0477      -9.4593       0.4116  3184.6
1.440          -9.2090      -9.4795       0.2705  2092.6
1.470          -9.2704      -9.5253       0.2549  1971.9
1.500          -9.2184      -9.5506       0.3322  2570.1
1.530          -9.1125      -9.4221       0.3096  2395.2
1.560          -8.9989      -9.3606       0.3618  2798.8
1.590          -8.8286      -9.3670       0.5384  4165.3
1.620          -8.9443      -9.3166       0.3723  2880.6
1.650          -9.2010      -9.4935       0.2926  2263.3
1.680          -9.2826      -9.4440       0.1614  1248.6
1.710          -9.1868      -9.4335       0.2467  1908.2
1.740          -8.9277      -9.3264       0.3987  3084.3
1.770          -8.6156      -9.1908       0.5752  4450.2
1.800          -8.6643      -8.8533       0.1891  1462.6
1.830          -8.7653      -9.2597       0.4945  3825.5
1.860          -8.9737      -9.1910       0.2173  1681.2
1.890          -9.0000      -9.2473       0.2473  1913.3
1.920          -8.9164      -9.3137       0.3973  3073.8
1.950          -8.9014      -9.3259       0.4245  3284.3
1.980          -9.0071      -9.2984       0.2913  2253.3
2.010          -9.0388      -9.2242       0.1853  1433.8
2.040          -8.8896      -9.3798       0.4902  3792.6
2.070          -8.8677      -9.2296       0.3619  2799.6
2.100          -8.9259      -9.2767       0.3509  2714.3
2.130          -8.9620      -9.2679       0.3059  2366.5
2.160          -9.0155      -9.4280       0.4125  3191.1
2.190          -9.1626      -9.4578       0.2952  2283.7
2.220          -9.2167      -9.4577       0.2410  1864.1
2.250          -9.1570      -9.4740       0.3170  2452.4
2.280          -9.0563      -9.4437       0.3874  2997.1
2.310          -9.0146      -9.3660       0.3513  2718.1
2.340          -9.0078      -9.3109       0.3031  2344.8
2.370          -8.9543      -9.3299       0.3756  2906.1
2.400          -8.9140      -9.1849       0.2708  2095.2
2.430          -8.8506      -9.3018       0.4512  3490.3
2.460          -8.8775      -9.3111       0.4336  3354.4
2.490          -8.9918      -9.3802       0.3884  3004.8
2.520          -9.1642      -9.4188       0.2546  1969.3
2.550          -9.1970      -9.3753       0.1783  1379.1
2.580          -9.0614      -9.3524       0.2910  2251.0
2.610          -8.7200      -9.2904       0.5705  4413.3
2.640          -8.6980      -9.0680       0.3699  2861.7
2.670          -8.9922      -9.3805       0.3883  3004.1
2.700          -9.2178      -9.4482       0.2304  1782.2
2.730          -9.2954      -9.5211       0.2256  1745.6
2.760          -9.2419      -9.4356       0.1937  1498.8
2.790          -8.9641      -9.4409       0.4768  3688.4
2.820          -8.8043      -9.2641       0.4598  3557.2
2.850          -8.8637      -9.1364       0.2727  2109.7
2.880          -8.9016      -9.3757       0.4741  3667.5
2.910          -9.0827      -9.4130       0.3302  2554.9
2.940          -9.1926      -9.4490       0.2564  1983.6
2.970          -9.2008      -9.5114       0.3105  2402.4
3.000          -9.1563      -9.4374       0.2811  2174.6
3.030          -9.0441      -9.3693       0.3252  2516.1
3.060          -8.9329      -9.3082       0.3753  2903.1
3.090          -8.9036      -9.3599       0.4563  3529.7
3.120          -9.0272      -9.3890       0.3618  2798.9
3.150          -9.1323      -9.3523       0.2200  1701.7
3.180          -9.1101      -9.4686       0.3585  2773.4
3.210          -9.0883      -9.3769       0.2886  2232.8
3.240          -9.0138      -9.3445       0.3308  2558.9
3.270          -8.9009      -9.3543       0.4534  3507.9
3.300          -8.9276      -9.2244       0.2968  2296.3
3.330          -8.9018      -9.2138       0.3121  2414.3
3.360          -8.8508      -9.2089       0.3581  2770.1
3.390          -8.8661      -9.2251       0.3590  2777.2
3.420          -8.8922      -9.1723       0.2801  2166.9
3.450          -8.8390      -9.3241       0.4851  3753.2
3.480          -8.9968      -9.2321       0.2353  1820.7
3.510          -9.0114      -9.3545       0.3431  2654.1
3.540          -9.0204      -9.3756       0.3552  2748.2
3.570          -9.0373      -9.2219       0.1846  1428.1
3.600          -8.8750      -9.3434       0.4684  3623.6
3.630          -8.8328      -9.1801       0.3473  2687.0
3.660          -8.9015      -9.3184       0.4169  3225.6
3.690          -9.0586      -9.3509       0.2923  2261.6
3.720          -9.1414      -9.3858       0.2444  1891.1
3.750          -9.0905      -9.3878       0.2973  2300.0
3.780          -8.9229      -9.2354       0.3125  2417.9
3.810          -8.8643      -9.1803       0.3161  2445.2
3.840          -8.8362      -9.2290       0.3928  3038.8
3.870          -8.8940      -9.1368       0.2428  1878.3
3.900          -8.9390      -9.4225       0.4835  3740.6
3.930          -9.0781      -9.4096       0.3315  2564.4
3.960          -9.1555      -9.3814       0.2259  1747.3
3.990          -9.1116      -9.4431       0.3315  2564.9
4.020          -9.0224      -9.2930       0.2706  2093.6
4.050          -8.8569      -9.3455       0.4886  3779.9
4.080          -8.8877      -9.3047       0.4170  3225.8
4.110          -9.1310      -9.5993       0.4684  3623.3
4.140          -9.4816      -9.7453       0.2637  2040.1
4.170          -9.5981      -9.7111       0.1130   874.0
4.200          -9.5244      -9.7440       0.2196  1698.6
4.230          -9.1893      -9.6108       0.4215  3261.1
4.260          -8.8845      -9.3332       0.4487  3471.0
4.290          -8.8006      -9.0443       0.2437  1885.4
4.320          -8.6698      -9.2087       0.5390  4169.8
4.350          -8.9204      -9.3688       0.4484  3468.6
4.380          -9.2433      -9.5140       0.2707  2094.1
4.410          -9.4370      -9.6641       0.2271  1756.8
4.440          -9.4612      -9.6666       0.2054  1589.0
4.470          -9.3167      -9.6862       0.3694  2858.0
4.500          -9.1537      -9.5478       0.3941  3048.7
4.530          -9.1023      -9.4932       0.3909  3024.1
4.560          -9.1521      -9.4014       0.2493  1928.4
4.590          -9.0852      -9.4144       0.3292  2547.0
4.620          -9.0188      -9.4701       0.4514  3491.9
4.650          -9.1655      -9.5260       0.3604  2788.5
4.680          -9.2885      -9.5747       0.2862  2214.3
4.710          -9.3312      -9.5872       0.2560  1980.5
4.740          -9.2822      -9.6626       0.3804  2942.7
4.770          -9.2466      -9.6402       0.3936  3045.2
4.800          -9.2785      -9.5487       0.2702  2090.4
4.830          -9.2544      -9.5311       0.2766  2140.2
4.860          -9.1332      -9.4604       0.3272  2531.1
4.890          -8.9026      -9.3285       0.4259  3294.8
4.920          -8.7937      -9.2681       0.4745  3670.7
4.950          -8.8728      -9.1636       0.2908  2249.6
4.980          -8.9902      -9.4014       0.4113  3181.6
5.010          -9.2400      -9.6415       0.4015  3106.1
5.040          -9.4785      -9.7234       0.2448  1894.1
5.070          -9.5564      -9.7200       0.1636  1265.8
5.100          -9.4729      -9.6722       0.1993  1542.0
5.130          -9.1919      -9.4732       0.2814  2176.8
5.160          -8.5736      -9.3809       0.8073  6245.5
5.190          -8.8964      -9.1251       0.2286  1768.6
5.220          -9.0998      -9.4718       0.3720  2877.6
5.250          -9.2946      -9.5364       0.2418  1870.5
5.280          -9.3482      -9.5797       0.2315  1791.0
5.310          -9.2723      -9.6278       0.3555  2750.4
5.340          -9.1800      -9.5652       0.3852  2980.4
5.370          -9.1606      -9.4864       0.3258  2520.7
5.400          -9.1710      -9.6472       0.4762  3684.0
5.430          -9.3418      -9.5871       0.2453  1897.7
5.460          -9.3698      -9.5694       0.1996  1544.6
5.490          -9.2476      -9.4808       0.2332  1804.0
5.520          -8.8714      -9.5425       0.6710  5191.4
5.550          -8.9529      -9.2980       0.3451  2669.5
5.580          -9.1860      -9.5260       0.3400  2630.3
5.610          -9.3192      -9.4673       0.1481  1145.8
5.640          -9.2821      -9.6553       0.3732  2887.0
5.670          -9.2240      -9.5864       0.3625  2804.0
5.700          -9.2471      -9.6756       0.4285  3315.4
5.730          -9.3031      -9.5045       0.2014  1558.2
5.760          -9.2007      -9.5405       0.3399  2629.3
5.790          -9.1001      -9.5962       0.4961  3837.9
5.820          -9.1633      -9.3911       0.2277  1761.8
5.850          -9.2152      -9.5674       0.3522  2724.6
5.880          -9.2447      -9.5184       0.2737  2117.1
5.910          -9.2014      -9.6297       0.4283  3313.3
5.940          -9.2256      -9.5420       0.3163  2447.4
5.970          -9.2542      -9.5836       0.3293  2547.9
6.000          -9.2805      -9.5514       0.2708  2095.2
Time[ps]    Etot/N[eV]   Epot/N[eV]   Ekin/N[eV]    T[K]
0.030          -6.3060      -7.2469       0.9409  7279.2
0.060          -7.4559      -7.5940       0.1381  1068.7
0.090          -7.5929      -7.6332       0.0404   312.4
0.120          -7.6092      -7.7063       0.0971   751.1
0.150          -7.4247      -7.8618       0.4371  3381.6
0.180          -7.2692      -7.6656       0.3964  3066.6
0.210          -7.3023      -7.6859       0.3836  2967.6
0.240          -7.4802      -7.9246       0.4444  3437.8
0.270          -7.6625      -7.7799       0.1173   907.7
0.300          -7.6149      -7.8610       0.2461  1904.0
0.330          -7.3737      -7.9622       0.5885  4553.1
0.360          -7.4779      -7.8947       0.4168  3224.2
0.390          -7.6266      -7.8947       0.2681  2074.0
0.420          -7.7458      -8.1644       0.4186  3238.8
0.450          -7.9588      -8.3366       0.3778  2923.1
0.480          -8.2417      -8.5147       0.2731  2112.5
0.510          -8.3805      -8.6806       0.3001  2321.8
0.540          -8.4311      -8.6768       0.2457  1900.7
0.570          -8.3842      -8.7334       0.3492  2701.8
0.600          -8.3295      -8.6623       0.3329  2575.0
0.630          -8.2973      -8.7917       0.4944  3824.8
0.660          -8.5697      -9.0550       0.4853  3754.5
0.690          -9.0082      -9.2826       0.2744  2122.8
0.720          -9.3251      -9.6337       0.3087  2387.9
0.750          -9.5586      -9.8234       0.2649  2049.0
0.780          -9.6676      -9.9016       0.2340  1809.9
0.810          -9.6503      -9.9468       0.2965  2293.9
0.840          -9.5902     -10.0666       0.4764  3685.9
0.870          -9.7050      -9.9646       0.2595  2007.9
0.900          -9.7070      -9.8952       0.1882  1455.8
0.930          -9.5371      -9.8319       0.2947  2280.3
0.960          -9.1796      -9.5856       0.4060  3140.6
0.990          -8.9882      -9.5322       0.5439  4207.9
1.020          -9.2591      -9.6665       0.4074  3151.9
1.050          -9.5507      -9.8496       0.2989  2312.2
1.080          -9.7272      -9.9229       0.1957  1514.1
1.110          -9.7206      -9.9715       0.2509  1941.1
1.140          -9.5725      -9.9652       0.3926  3037.4
1.170          -9.4766      -9.6895       0.2129  1647.3
1.200          -9.2691      -9.7730       0.5039  3898.1
1.230          -9.3462      -9.7307       0.3846  2975.1
1.260          -9.4191      -9.6008       0.1817  1406.0
1.290          -9.3571      -9.8760       0.5188  4013.9
1.320          -9.5454      -9.8896       0.3442  2662.9
1.350          -9.6628      -9.8374       0.1746  1350.8
1.380          -9.6063      -9.9189       0.3126  2418.4
1.410          -9.4817      -9.9559       0.4741  3668.1
1.440          -9.5283      -9.8237       0.2954  2285.1
1.470          -9.5171      -9.7556       0.2385  1845.4
1.500          -9.3671      -9.7047       0.3376  2612.0
1.530          -9.1544      -9.5565       0.4021  3110.9
1.560          -9.2849      -9.8783       0.5934  4590.9
1.590          -9.6683      -9.8689       0.2006  1552.0
1.620          -9.7986     -10.0004       0.2018  1561.4
1.650          -9.7812      -9.9357       0.1545  1195.3
1.680          -9.5605      -9.8577       0.2973  2299.6
1.710          -9.1075      -9.7903       0.6828  5282.2
1.740          -9.1964      -9.4993       0.3029  2343.1
1.770          -9.3387      -9.6441       0.3054  2362.5
1.800          -9.4249      -9.7957       0.3708  2868.7
1.830          -9.5000      -9.7488       0.2489  1925.2
1.860          -9.4864      -9.9035       0.4171  3226.8
1.890          -9.5540      -9.8661       0.3121  2414.6
1.920          -9.6000      -9.9034       0.3034  2347.5
1.950          -9.5814      -9.8133       0.2318  1793.5
1.980          -9.4571      -9.8721       0.4150  3210.9
2.010          -9.4135      -9.7249       0.3114  2409.2
2.040          -9.3566      -9.6707       0.3140  2429.4
2.070          -9.2813      -9.7161       0.4349  3364.3
2.100          -9.3138      -9.7300       0.4162  3219.8
2.130          -9.4854      -9.8556       0.3702  2864.2
2.160          -9.6474      -9.8940       0.2466  1907.9
2.190          -9.6901      -9.9559       0.2657  2055.9
2.220          -9.6327      -9.8574       0.2247  1738.1
2.250          -9.4233      -9.8462       0.4229  3271.6
2.280          -9.2761      -9.5466       0.2706  2093.3
2.310          -9.0464      -9.4939       0.4475  3461.8
2.340          -8.9867      -9.4722       0.4854  3755.6
2.370          -9.4020      -9.8618       0.4598  3557.3
2.400          -9.6844      -9.8839       0.1995  1543.5
2.430          -9.8103     -10.0208       0.2105  1628.3
2.460          -9.7870      -9.9598       0.1728  1336.9
2.490          -9.5364      -9.9279       0.3915  3029.1
2.520          -9.2359      -9.5091       0.2732  2113.5
2.550          -9.0577      -9.8006       0.7429  5747.1
2.580          -9.4556      -9.6676       0.2120  1640.0
2.610          -9.5697      -9.7688       0.1991  1540.2
2.640          -9.5768      -9.9761       0.3993  3089.3
2.670          -9.5927      -9.8790       0.2863  2214.9
2.700          -9.5260      -9.8807       0.3547  2744.2
2.730          -9.4670      -9.8508       0.3837  2968.6
2.760          -9.4642      -9.6819       0.2177  1684.4
2.790          -9.3603      -9.7977       0.4374  3384.0
2.820          -9.3701      -9.7534       0.3832  2964.7
2.850          -9.4320      -9.7104       0.2784  2153.6
2.880          -9.4885      -9.8666       0.3781  2924.8
2.910          -9.5305      -9.7371       0.2065  1597.8
2.940          -9.4515      -9.9124       0.4609  3565.8
2.970          -9.4774      -9.7483       0.2710  2096.2
3.000          -9.4397      -9.8754       0.4356  3370.2
3.030          -9.4919      -9.7772       0.2853  2207.2
3.060          -9.5097      -9.8663       0.3566  2759.0
3.090          -9.5018      -9.7532       0.2515  1945.4
3.120          -9.4065      -9.7871       0.3806  2944.3
3.150          -9.3304      -9.7530       0.4226  3269.4
3.180          -9.4345      -9.8645       0.4300  3326.5
3.210          -9.6824      -9.9583       0.2759  2134.2
3.240          -9.7668      -9.9676       0.2008  1553.1
3.270          -9.7025      -9.8809       0.1784  1380.0
3.300          -9.4299      -9.8066       0.3767  2914.5
3.330          -9.0580      -9.5917       0.5338  4129.4
3.360          -9.1104      -9.5080       0.3976  3075.6
3.390          -9.2384      -9.5296       0.2912  2252.8
3.420          -9.3369      -9.7777       0.4408  3410.2
3.450          -9.5123      -9.7506       0.2383  1843.4
3.480          -9.6403      -9.9867       0.3464  2679.6
3.510          -9.6976      -9.9481       0.2505  1937.8
3.540          -9.6312      -9.8818       0.2507  1939.1
3.570          -9.4588      -9.8224       0.3636  2813.2
3.600          -9.2630      -9.5035       0.2405  1860.4
3.630          -8.9780      -9.5144       0.5365  4150.2
3.660          -9.0225      -9.6232       0.6007  4647.0
3.690          -9.3652      -9.6401       0.2749  2126.8
3.720          -9.5759      -9.8963       0.3204  2479.0
3.750          -9.7606     -10.0130       0.2523  1952.2
3.780          -9.7796      -9.9481       0.1685  1303.9
3.810          -9.5830      -9.9590       0.3760  2908.6
3.840          -9.2899      -9.6961       0.4062  3142.9
3.870          -9.1455      -9.4036       0.2582  1997.2
3.900          -8.9364      -9.5963       0.6599  5105.2
3.930          -9.1630      -9.5890       0.4259  3295.2
3.960          -9.5259      -9.8512       0.3253  2516.7
3.990          -9.7648      -9.9765       0.2117  1637.8
4.020          -9.8120      -9.9930       0.1810  1400.1
4.050          -9.7041      -9.8930       0.1889  1461.3
4.080          -9.3411      -9.8313       0.4902  3792.6
4.110          -9.0795      -9.6366       0.5571  4310.2
4.140          -9.2392      -9.5776       0.3384  2617.8
4.170          -9.3828      -9.6966       0.3138  2427.3
4.200          -9.4824      -9.7775       0.2951  2283.2
4.230          -9.5536      -9.9153       0.3617  2798.4
4.260          -9.6259      -9.9446       0.3187  2465.7
4.290          -9.6186      -9.9495       0.3309  2560.0
4.320          -9.5478      -9.8822       0.3344  2586.9
4.350          -9.4537      -9.7336       0.2800  2165.9
4.380          -9.2881      -9.6800       0.3919  3031.6
4.410          -9.1741      -9.6510       0.4770  3689.8
4.440          -9.3319      -9.6682       0.3363  2601.9
4.470          -9.5145      -9.8268       0.3123  2415.8
4.500          -9.6291      -9.9206       0.2915  2255.1
4.530          -9.6731      -9.9674       0.2943  2276.7
4.560          -9.6548      -9.9202       0.2655  2053.8
4.590          -9.5340      -9.9163       0.3823  2957.9
4.620          -9.3345      -9.7422       0.4077  3154.1
4.650          -9.3115      -9.4797       0.1683  1301.9
4.680          -9.0806      -9.8226       0.7420  5740.1
4.710          -9.3979      -9.6576       0.2597  2009.5
4.740          -9.6612      -9.9168       0.2556  1977.5
4.770          -9.7508      -9.9793       0.2286  1768.2
4.800          -9.7146      -9.9486       0.2340  1810.7
4.830          -9.5604      -9.8378       0.2774  2146.1
4.860          -9.2406      -9.7294       0.4888  3781.5
4.890          -9.1217      -9.5420       0.4203  3251.4
4.920          -9.1845      -9.5903       0.4058  3139.6
4.950          -9.3049      -9.5594       0.2544  1968.3
4.980          -9.3306      -9.6993       0.3687  2852.5
5.010          -9.3973      -9.7832       0.3859  2985.6
5.040          -9.5151      -9.8058       0.2907  2249.0
5.070          -9.6512      -9.9498       0.2985  2309.5
5.100          -9.7044      -9.9405       0.2361  1826.7
5.130          -9.6267      -9.8498       0.2231  1725.6
5.160          -9.3522      -9.7987       0.4465  3454.5
5.190          -9.2074      -9.5936       0.3861  2987.1
5.220          -9.2720      -9.7408       0.4687  3626.3
5.250          -9.5518      -9.7408       0.1890  1462.0
5.280          -9.6009      -9.8582       0.2574  1991.0
5.310          -9.5409      -9.7577       0.2168  1677.0
5.340          -9.3475      -9.8848       0.5373  4156.8
5.370          -9.3491      -9.7974       0.4483  3468.4
5.400          -9.4614      -9.7957       0.3343  2586.4
5.430          -9.5693      -9.8764       0.3070  2375.4
5.460          -9.6001      -9.8319       0.2319  1793.9
5.490          -9.5065      -9.8181       0.3116  2410.6
5.520          -9.3767      -9.7944       0.4178  3232.0
5.550          -9.3220      -9.8417       0.5197  4020.6
5.580          -9.3775      -9.6721       0.2947  2279.8
5.610          -9.4838      -9.8144       0.3306  2557.4
5.640          -9.5402      -9.8176       0.2775  2146.5
5.670          -9.5154      -9.9250       0.4096  3169.1
5.700          -9.5340      -9.8211       0.2871  2221.1
5.730          -9.4603      -9.8486       0.3884  3004.6
5.760          -9.3652      -9.7496       0.3843  2973.3
5.790          -9.3838      -9.7833       0.3995  3090.6
5.820          -9.4984      -9.8643       0.3660  2831.2
5.850          -9.5851      -9.8080       0.2229  1724.5
5.880          -9.5525      -9.9367       0.3842  2972.2
5.910          -9.5141      -9.7249       0.2108  1630.6
5.940          -9.3506      -9.8967       0.5461  4225.1
5.970          -9.4173      -9.7018       0.2845  2201.1
6.000          -9.4659      -9.7362       0.2703  2091.1
Time[ps]    Etot/N[eV]   Epot/N[eV]   Ekin/N[eV]    T[K]
0.030          -6.3048      -7.2538       0.9490  7341.7
0.060          -7.5176      -7.6623       0.1447  1119.3
0.090          -7.6828      -7.7349       0.0522   403.6
0.120          -7.7191      -7.8390       0.1199   927.9
0.150          -7.6112      -7.8877       0.2765  2139.1
0.180          -7.3357      -7.7980       0.4623  3576.7
0.210          -7.2514      -7.7014       0.4500  3481.4
0.240          -7.4762      -7.9465       0.4703  3638.5
0.270          -7.7803      -7.9691       0.1888  1460.5
0.300          -7.8289      -7.9945       0.1656  1281.1
0.330          -7.6962      -8.0622       0.3660  2831.1
0.360          -7.5445      -8.1076       0.5631  4356.0
0.390          -7.8350      -8.2389       0.4039  3124.6
0.420          -8.2180      -8.5567       0.3387  2620.6
0.450          -8.5013      -8.7287       0.2274  1759.0
0.480          -8.5978      -8.8196       0.2218  1716.3
0.510          -8.5982      -8.9682       0.3700  2862.5
0.540          -8.6346      -9.0737       0.4391  3397.3
0.570          -8.8769      -9.3111       0.4342  3359.2
0.600          -9.2695      -9.6335       0.3640  2816.1
0.630          -9.5919      -9.8369       0.2451  1895.8
0.660          -9.7480      -9.9482       0.2001  1548.4
0.690          -9.7463     -10.0335       0.2872  2221.6
0.720          -9.6358     -10.0620       0.4262  3297.4
0.750          -9.6171      -9.9115       0.2944  2277.8
0.780          -9.6002      -9.8963       0.2961  2290.8
0.810          -9.5042      -9.6817       0.1775  1373.1
0.840          -9.1904      -9.6759       0.4855  3756.0
0.870          -8.8779      -9.4185       0.5405  4181.6
0.900          -9.2701      -9.7218       0.4517  3494.8
0.930          -9.7172      -9.9606       0.2434  1882.9
0.960          -9.8854     -10.0154       0.1301  1006.1
0.990          -9.8644     -10.0404       0.1760  1361.9
1.020          -9.6093      -9.9555       0.3461  2677.9
1.050          -9.3018      -9.6191       0.3173  2455.0
1.080          -8.9263      -9.6239       0.6976  5396.8
1.110          -9.1753      -9.4460       0.2707  2094.3
1.140          -9.2628      -9.5505       0.2877  2225.5
1.170          -9.3364      -9.7501       0.4137  3200.8
1.200          -9.5546      -9.9727       0.4181  3234.2
1.230          -9.7656      -9.9621       0.1966  1520.7
1.260          -9.7837      -9.9646       0.1809  1399.2
1.290          -9.6200      -9.9828       0.3628  2806.9
1.320          -9.4025      -9.8486       0.4461  3450.8
1.350          -9.3691      -9.7229       0.3538  2736.8
1.380          -9.3109      -9.5992       0.2883  2230.2
1.410          -9.1507      -9.5754       0.4247  3285.4
1.440          -9.1325      -9.6206       0.4881  3776.2
1.470          -9.4247      -9.7941       0.3694  2857.7
1.500          -9.7007      -9.8796       0.1790  1384.6
1.530          -9.7483      -9.9732       0.2249  1740.0
1.560          -9.6649     -10.0015       0.3365  2603.6
1.590          -9.5416      -9.8256       0.2840  2197.4
1.620          -9.3501      -9.7409       0.3907  3022.9
1.650          -9.2129      -9.6284       0.4155  3214.4
1.680          -9.1755      -9.5740       0.3984  3082.3
1.710          -9.3229      -9.7092       0.3863  2988.2
1.740          -9.5226      -9.8682       0.3456  2673.8
1.770          -9.6791      -9.9205       0.2414  1867.3
1.800          -9.6974      -9.9124       0.2150  1663.1
1.830          -9.5646      -9.9411       0.3765  2912.4
1.860          -9.4111      -9.7823       0.3712  2872.0
1.890          -9.3834      -9.7945       0.4111  3180.3
1.920          -9.4403      -9.6220       0.1816  1405.0
1.950          -9.3414      -9.6104       0.2690  2081.2
1.980          -9.0429      -9.6402       0.5973  4621.3
2.010          -9.2536      -9.6728       0.4192  3242.9
2.040          -9.5343      -9.8047       0.2704  2091.7
2.070          -9.6155      -9.8333       0.2178  1685.1
2.100          -9.5691      -9.8082       0.2391  1849.8
2.130          -9.4432      -9.8894       0.4462  3452.0
2.160          -9.5238      -9.9657       0.4420  3419.4
2.190          -9.6248      -9.7777       0.1529  1182.7
2.220          -9.5374      -9.7629       0.2255  1744.3
2.250          -9.3005      -9.8561       0.5556  4298.2
2.280          -9.3325      -9.8098       0.4773  3692.4
2.310          -9.4896      -9.6821       0.1924  1488.8
2.340          -9.4966      -9.8287       0.3322  2569.7
2.370          -9.4463      -9.6920       0.2457  1901.0
2.400          -9.3050      -9.6912       0.3862  2987.7
2.430          -9.4074      -9.8383       0.4308  3333.2
2.460          -9.5714      -9.8769       0.3055  2363.6
2.490          -9.6162      -9.8844       0.2682  2075.0
2.520          -9.5510      -9.8345       0.2835  2193.3
2.550          -9.4308      -9.7664       0.3356  2596.3
2.580          -9.3224      -9.6977       0.3753  2903.7
2.610          -9.2022      -9.8755       0.6733  5208.8
2.640          -9.5100      -9.7201       0.2101  1625.5
2.670          -9.6042      -9.8544       0.2502  1935.8
2.700          -9.5980      -9.8957       0.2978  2303.5
2.730          -9.5360      -9.7614       0.2254  1744.0
2.760          -9.3793      -9.8228       0.4435  3430.9
2.790          -9.2540      -9.6846       0.4306  3331.3
2.820          -9.3372      -9.7761       0.4389  3395.7
2.850          -9.5124      -9.6969       0.1846  1427.8
2.880          -9.5468      -9.9637       0.4169  3225.1
2.910          -9.6047      -9.8544       0.2497  1931.4
2.940          -9.5626      -9.8860       0.3234  2502.2
2.970          -9.4864      -9.8289       0.3426  2650.2
3.000          -9.4151      -9.6656       0.2506  1938.4
3.030          -9.2473      -9.6909       0.4435  3431.4
3.060          -9.2573      -9.6918       0.4345  3361.5
3.090          -9.3845      -9.6790       0.2946  2278.9
3.120          -9.4635      -9.7404       0.2769  2142.0
3.150          -9.4716      -9.8543       0.3827  2961.0
3.180          -9.5374      -9.8941       0.3567  2759.7
3.210          -9.5734      -9.8442       0.2708  2094.8
3.240          -9.5014      -9.8628       0.3614  2795.9
3.270          -9.4495      -9.8277       0.3782  2926.0
3.300          -9.4440      -9.6162       0.1722  1332.2
3.330          -9.2981      -9.7023       0.4042  3126.9
3.360          -9.2947      -9.7858       0.4911  3799.3
3.390          -9.4928      -9.7170       0.2242  1734.5
3.420          -9.5544      -9.9197       0.3652  2825.6
3.450          -9.6395      -9.9030       0.2635  2038.8
3.480          -9.6172      -9.8497       0.2325  1798.4
3.510          -9.4251      -9.9017       0.4767  3687.5
3.540          -9.4384      -9.7238       0.2854  2207.8
3.570          -9.4115      -9.6986       0.2870  2220.5
3.600          -9.3113      -9.7546       0.4433  3429.1
3.630          -9.3592      -9.6363       0.2771  2143.8
3.660          -9.3646      -9.7481       0.3836  2967.5
3.690          -9.4503      -9.8847       0.4344  3360.6
3.720          -9.6131      -9.8255       0.2124  1643.0
3.750          -9.6484      -9.9580       0.3096  2395.2
3.780          -9.6131      -9.8554       0.2423  1874.5
3.810          -9.4452      -9.8203       0.3751  2901.7
3.840          -9.3564      -9.7480       0.3917  3029.9
3.870          -9.3858      -9.7072       0.3214  2486.1
3.900          -9.3786      -9.7088       0.3303  2555.0
3.930          -9.3688      -9.7638       0.3950  3056.0
3.960          -9.4080      -9.8540       0.4460  3450.4
3.990          -9.5831      -9.9435       0.3604  2788.2
4.020          -9.7096      -9.8652       0.1557  1204.2
4.050          -9.6449      -9.9524       0.3074  2378.5
4.080          -9.4650      -9.8153       0.3503  2710.0
4.110          -9.3694      -9.8548       0.4854  3754.9
4.140          -9.4661      -9.7792       0.3131  2422.2
4.170          -9.4978      -9.7372       0.2394  1851.9
4.200          -9.4028      -9.7416       0.3388  2621.0
4.230          -9.2832      -9.7579       0.4747  3672.5
4.260          -9.3828      -9.7279       0.3451  2669.5
4.290          -9.5833      -9.9507       0.3675  2842.9
4.320          -9.7285      -9.9409       0.2123  1642.5
4.350          -9.7152      -9.9296       0.2144  1658.4
4.380          -9.5461      -9.8222       0.2761  2136.3
4.410          -9.2745      -9.7260       0.4516  3493.5
4.440          -8.9931      -9.5799       0.5868  4539.7
4.470          -9.1506      -9.4327       0.2821  2182.7
4.500          -9.2736      -9.5987       0.3251  2515.0
4.530          -9.4189      -9.8258       0.4069  3147.5
4.560          -9.6256      -9.8752       0.2496  1931.0
4.590          -9.7053      -9.9793       0.2740  2119.4
4.620          -9.6809      -9.9308       0.2499  1933.1
4.650          -9.5274      -9.8439       0.3164  2448.1
4.680          -9.2717      -9.5936       0.3219  2490.1
4.710          -9.1366      -9.6981       0.5615  4343.9
4.740          -9.2841      -9.7225       0.4384  3391.8
4.770          -9.5791      -9.8915       0.3125  2417.3
4.800          -9.7637      -9.9845       0.2208  1708.3
4.830          -9.7718      -9.9414       0.1696  1312.5
4.860          -9.5772      -9.8647       0.2875  2223.8
4.890          -9.2256      -9.7379       0.5123  3963.0
4.920          -9.0929      -9.7001       0.6071  4696.9
4.950          -9.3428      -9.6215       0.2786  2155.4
4.980          -9.4361      -9.6654       0.2293  1773.8
5.010          -9.4585      -9.8859       0.4273  3306.1
5.040          -9.5338      -9.7716       0.2378  1839.6
5.070          -9.5374      -9.9390       0.4016  3106.8
5.100          -9.5749      -9.8468       0.2719  2103.5
5.130          -9.5489      -9.8370       0.2881  2229.0
5.160          -9.4697      -9.6909       0.2212  1711.2
5.190          -9.1552      -9.6333       0.4781  3698.9
5.220          -9.0532      -9.5924       0.5392  4171.8
5.250          -9.3350      -9.7915       0.4565  3531.8
5.280          -9.6577      -9.7989       0.1411  1091.8
5.310          -9.7418      -9.9780       0.2362  1827.4
5.340          -9.7086      -9.9573       0.2487  1924.1
5.370          -9.5423      -9.8448       0.3025  2340.5
5.400          -9.2787      -9.7643       0.4856  3757.0
5.430          -9.2660      -9.6978       0.4319  3341.1
5.460          -9.3752      -9.6429       0.2677  2070.8
5.490          -9.4397      -9.8375       0.3978  3077.6
5.520          -9.5674      -9.7738       0.2064  1597.1
5.550          -9.5402      -9.8863       0.3461  2677.8
5.580          -9.4467      -9.8646       0.4179  3232.9
5.610          -9.4478      -9.7207       0.2730  2111.7
5.640          -9.4521      -9.8004       0.3483  2694.9
5.670          -9.4770      -9.8638       0.3868  2992.6
5.700          -9.4930      -9.7587       0.2658  2055.9
5.730          -9.4027      -9.7236       0.3210  2483.0
5.760          -9.2698      -9.7112       0.4414  3414.9
5.790          -9.2845      -9.5647       0.2802  2167.8
5.820          -9.3074      -9.7521       0.4447  3440.3
5.850          -9.4141      -9.7733       0.3592  2778.7
5.880          -9.5705      -9.9118       0.3413  2640.1
5.910          -9.7053      -9.9614       0.2561  1981.3
5.940          -9.6966      -9.9382       0.2416  1869.1
5.970          -9.5330      -9.7804       0.2473  1913.4
6.000          -9.2194      -9.7467       0.5273  4079.0
Time[ps]    Etot/N[eV]   Epot/N[eV]   Ekin/N[eV]    T[K]
0.030         181.8315     117.5085      64.3230  497621.9
0.060      159021.3231  158653.3246     367.9985  2846946.0
0.090     -17461331.0339 -17461970.5741     639.5403  4947674.3
0.120     -34349333.6941 -34350111.9661     778.2721  6020945.0
0.150     -12013862.7643 -12014561.9360     699.1717  5409001.0
0.180     -30090676.6405 -30091075.3801     398.7395  3084767.8
0.210     -42346451.1829 -42346924.8730     473.6901  3664608.2
0.240     -8837597.2301 -8837771.1762     173.9461  1345699.2
0.270     15820658.3651 15820507.3180     151.0472  1168546.0
0.300     5641295.7065 5640675.1740     620.5325  4800624.9
0.330     -5590276.0694 -5591344.2341    1068.1647  8263640.8
0.360     -436926.8901 -437924.6712     997.7810  7719131.8
0.390     10698624.6658 10698125.2932     499.3726  3863295.3
0.420     13006942.6131 13006804.3176     138.2955  1069895.5
0.450     7550338.3612 7550309.5216      28.8396  223112.0
0.480     1461044.0584 1461027.0905      16.9679  131269.0
0.510     -2306265.0595 -2306284.0313      18.9718  146771.4
0.540     -4014850.9204 -4014869.3386      18.4182  142488.8
0.570     -4541091.1403 -4541107.0186      15.8783  122838.9
0.600     -4502662.4056 -4502675.3888      12.9833  100442.4
0.630     -4225150.8692 -4225161.3113      10.4421  80783.2
0.660     -3856538.3845 -3856546.8087       8.4243  65172.6
0.690     -3452347.6145 -3452354.5313       6.9168  53510.2
0.720     -3020169.8244 -3020175.7157       5.8913  45576.9
0.750     -2537539.4025 -2537544.7879       5.3854  41663.2
0.780     -1951697.2531 -1951702.8364       5.5833  43193.7
0.810     -1159371.5957 -1159378.5815       6.9858  54044.2
0.840       53681.6255   53670.7440      10.8815  84182.7
0.870     2186956.3025 2186935.4573      20.8451  161264.2
0.900     6596054.7908 6596006.4290      48.3618  374141.3
0.930     17786610.0727 17786471.1614     138.9113  1074659.2
0.960     55668932.3271 55668406.8845     525.4426  4064980.4
0.990     246722509.3049 246719992.8981    2516.4069  19467674.2
1.020     1511802258.0406 1511793469.3121    8788.7285  67992225.6
1.050     8176108694.8230 8176090766.8987   17927.9243  138695771.0
1.080     32295137887.3398 32295108021.1254   29866.2143  231053944.5
1.110     98600474698.0280 98600429133.4573   45564.5707  352501113.1
1.140     249985254823.3795 249985189343.7225   65479.6569  506570161.4
1.170     553717906663.5688 553717816826.4417   89837.1272  695006818.3
1.200     1108567047051.3772 1108566928287.2456  118764.1317  918794755.4
1.230     2052903589316.8552 2052903436980.2900  152336.5651  1178521116.8
1.260     3573791015064.7861 3573790824464.2373  190600.5486  1474542708.7
1.290     5917060265667.3359 5917060032083.1289  233584.2070  1807077114.0
1.320     9398363708512.5859 9398363427207.8145  281304.7708  2176257632.7
1.350     14415203145311.5059 14415202811538.4727  333773.0332  2582167764.3
1.380     21459927409581.4453 21459927018585.2656  390996.1804  3024863102.9
1.410     31133695412815.9570 31133694959836.3789  452979.5794  3504385170.1
1.440     44161400630215.0000 44161400110487.1094  519727.8881  4020770000.1
1.470     61407553071979.8672 61407552480734.1484  591245.7212  4574053294.3
1.500     83893114827094.4219 83893114159556.3906  667538.0286  5164273346.0
1.530     112813285321146.8750 112813284572536.5938  748610.2875  5791472527.7
1.560     149556232506941.1250 149556231672472.5625  834468.5771  6455697871.7
1.590     195722766306135.5312 195722765381015.9375  925119.5822  7157001092.8
1.620     253146950737872.3438 253146949717301.7812 1020570.5535  7895438283.9
1.650     323917651301652.5000 323917650180823.2500 1120829.2454  8671069436.0
1.680     410401014321397.5625 410401013095493.7500 1225903.8436  9483957876.0
1.710     515263875102438.4375 515263873766635.5625 1335802.8899  10334169686.3
1.740     641498091898842.2500 641498090448307.0000 1450535.2095  11221773140.2
1.770     792445802833848.8750 792445801263739.0000 1570109.8423  12146838174.2
1.800     971825603058016.0000 971825601363480.0000 1694535.9817  13109435909.9
1.830     1183759639567841.0000 1183759637744018.0000 1823822.9187  14109638226.9
1.860     1432801621240279.2500 1432801619282299.2500 1957979.9943  15147517388.9
1.890     1723965741766042.0000 1723965739669025.5000 2097016.5571  16223145719.6
1.920     2062756513285560.7500 2062756511044618.7500 2240941.9277  17336595325.5
1.950     2455199508646561.0000 2455199506256795.5000 2389765.3680  18487937860.9
1.980     2907873010311442.5000 2907873007767946.5000 2543496.0563  19677244330.5
2.010     3427940564044614.0000 3427940561342471.0000 2702143.0657  20904584926.4
2.040     4023184435608504.0000 4023184432742788.5000 2865715.3468  22170028893.9
2.070     4702039968785957.0000 4702039965751735.0000 3034221.7139  23473644423.0
2.100     5473630843134664.0000 5473630839926993.0000 3207670.8338  24815498562.2
2.130     6347805229958575.0000 6347805226572504.0000 3386071.2171  26195657151.8
2.160     7335172845057545.0000 7335172841488114.0000 3569431.2115  27614184772.8
2.190     8447142896886747.0000 8447142893128988.0000 3757758.9973  29071144710.8
2.220     9695962928825582.0000 9695962924874520.0000 3951062.5843  30566598930.7
2.250     11094758554315938.0000 11094758550166588.0000 4149349.8095  32100608062.6
2.280     12657574083691968.0000 12657574079339340.0000 4352628.3365  33673231395.0
2.310     14399414041574368.0000 14399414037013462.0000 4560905.6559  35284526876.5
2.340     16336285573757234.0000 16336285568983044.0000 4774189.0858  36934551121.5
2.370     18485241742562840.0000 18485241737570356.0000 4992485.7732  38623359423.2
2.400     20864425709685964.0000 20864425704470160.0000 5215802.6966  40351005768.1
2.430     23493115805590172.0000 23493115800146024.0000 5444146.6680  42117542856.0
2.460     26391771484563368.0000 26391771478885844.0000 5677524.3358  43923022121.1
2.490     29582080164570768.0000 29582080158654824.0000 5915942.1879  45767493755.7
2.520     33087004951089268.0000 33087004944929860.0000 6159406.5550  47651006736.0
2.550     36930833244126104.0000 36930833237718184.0000 6407923.6140  49573608848.1
2.580     41139226227677632.0000 41139226221016136.0000 6661499.3915  51535346715.8
2.610     45739269240886064.0000 45739269233965928.0000 6920139.7675  53536265828.5
2.640     50759523030212520.0000 50759523023028672.0000 7183850.4791  55576410569.9
2.670     56230075881938264.0000 56230075874485624.0000 7452637.1240  57655824246.1
2.700     62182596634359040.0000 62182596626632536.0000 7726505.1645  59774549114.6
2.730     68650388569043904.0000 68650388561038448.0000 8005459.9310  61932626412.5
2.760     75668444180558064.0000 75668444172268560.0000 8289506.6255  64130096385.0
2.790     83273500824072096.0000 83273500815493440.0000 8578650.3255  66366998312.7
2.820     91504097240299360.0000 91504097231426464.0000 8872895.9873  68643370539.6
2.850     100400630957214912.0000 100400630948042656.0000 9172248.4498  70959250499.5
2.880     110005416568038736.0000 110005416558562016.0000 9476712.4374  73314674742.8
2.910     120362744884986816.0000 120362744875200528.0000 9786292.5638  75709678961.9
2.940     131518942968272048.0000 131518942958171056.0000 10100993.3349  78144298016.8
2.970     143522435029927024.0000 143522435019506208.0000 10420819.1524  80618565959.2
3.000     156423804211936224.0000 156423804201190464.0000 10745774.3165  83132516057.0
3.030     170275855238292832.0000 170275855227216960.0000 11075863.0289  85686180816.9
3.060     185133677940485920.0000 185133677929074816.0000 11411089.3963  88279592007.7
3.090     201054711656049568.0000 201054711644298112.0000 11751457.4324  90912780681.7
3.120     218098810499740736.0000 218098810487643776.0000 12096971.0612  93585777196.5
3.150     236328309506959872.0000 236328309494512224.0000 12447634.1196  96298611235.1
3.180     255808091649036256.0000 255808091636232800.0000 12803450.3600  99051311826.6
3.210     276605655719961760.0000 276605655706797344.0000 13164423.4526  101843907365.2
3.240     298791185094300608.0000 298791185080770048.0000 13530556.9880  104676425629.2
3.270     322437617355804736.0000 322437617341902912.0000 13901854.4796  107548893798.9
3.300     347620714796483392.0000 347620714782205056.0000 14278319.3658  110461338474.8
3.330     374419135785749440.0000 374419135771089472.0000 14659955.0122  113413785693.9
3.360     402914507009308416.0000 402914506994261632.0000 15046764.7136  116406260947.1
3.390     433191496577493504.0000 433191496562054784.0000 15438751.6965  119438789194.2
3.420     465337888002732416.0000 465337887986896512.0000 15835919.1207  122511394880.0
3.450     499444655045775616.0000 499444655029537344.0000 16238270.0811  125624101949.1
3.480     535606037430551040.0000 535606037413905216.0000 16645807.6101  128776933860.2
3.510     573919617427102784.0000 573919617410044224.0000 17058534.6790  131969913599.9
3.540     614486397302635264.0000 614486397285158784.0000 17476454.1997  135203063696.8
3.570     657410877640055808.0000 657410877622156288.0000 17899569.0269  138476406233.7
3.600     702801136524054656.0000 702801136505726720.0000 18327881.9589  141789962860.9
3.630     750768909594208512.0000 750768909575447168.0000 18761395.7401  145143754808.2
3.660     801429670964996480.0000 801429670945796352.0000 19200113.0616  148537802896.3
3.690     854902715012400896.0000 854902714992756864.0000 19644036.5634  151972127548.7
3.720     911311239026928384.0000 911311239006835200.0000 20093168.8356  155446748802.6
3.750     970782426732624000.0000 970782426712076544.0000 20547512.4196  158961686319.4
3.780     1033447532672077184.0000 1033447532651070080.0000 21007069.8096  162516959395.0
3.810     1099441967456995584.0000 1099441967435523712.0000 21471843.4539  166112586969.8
3.840     1168905383884183040.0000 1168905383862241280.0000 21941835.7560  169748587638.6
3.870     1241981763916730368.0000 1241981763894313216.0000 22417049.0760  173424979659.6
3.900     1318819506530153216.0000 1318819506507255808.0000 22897485.7316  177141780963.2
3.930     1399571516423182848.0000 1399571516399799808.0000 23383147.9994  180899009161.5
3.960     1484395293593237504.0000 1484395293569363456.0000 23874038.1157  184696681556.0
3.990     1573453023775986688.0000 1573453023751616512.0000 24370158.2780  188534815146.0
4.020     1666911669749265920.0000 1666911669724394496.0000 24871510.6455  192413426636.7
4.050     1764943063500568064.0000 1764943063475190016.0000 25378097.3404  196332532446.6
4.080     1867723999258620160.0000 1867723999232730112.0000 25889920.4491  200292148714.9
4.110     1975436327388083968.0000 1975436327361677056.0000 26406982.0225  204292291309.0
4.140     2088267049147771392.0000 2088267049120841984.0000 26929284.0773  208332975831.0
4.170     2206408412311963136.0000 2206408412284506368.0000 27456828.5968  212414217624.6
4.200     2330058007654505984.0000 2330058007626516480.0000 27989617.5320  216536031781.8
4.230     2459418866295777280.0000 2459418866267249664.0000 28527652.8018  220698433148.9
4.260     2594699557912229888.0000 2594699557883159040.0000 29070936.2944  224901436333.0
4.290     2736114289808143872.0000 2736114289778524160.0000 29619469.8676  229145055707.4
4.320     2883883006849724928.0000 2883883006819551744.0000 30173255.3499  233429305417.8
4.350     3038231492261228032.0000 3038231492230495744.0000 30732294.5411  237754199387.5
4.380     3199391469282696704.0000 3199391469251400192.0000 31296589.2130  242119751323.3
4.410     3367600703689841664.0000 3367600703657975296.0000 31866141.1098  246525974720.1
4.440     3543103107174836224.0000 3543103107142395392.0000 32440951.9494  250972882866.3
4.470     3726148841589048832.0000 3726148841556027904.0000 33021023.4232  255460488849.0
4.500     3916994424046475264.0000 3916994424012869120.0000 33606357.1975  259988805558.1
4.530     4115902832888526848.0000 4115902832854329856.0000 34196954.9136  264557845691.6
4.560     4323143614509505024.0000 4323143614474712064.0000 34792818.1885  269167621759.5
4.590     4538992991042922496.0000 4538992991007528448.0000 35393948.6158  273818146088.6
4.620     4763733968908121088.0000 4763733968872120320.0000 36000347.7655  278509430826.6
4.650     4997656448217715712.0000 4997656448181103616.0000 36612017.1852  283241487946.0
4.680     5241057333044886528.0000 5241057333007657984.0000 37228958.4005  288014329248.6
4.710     5494240642550759424.0000 5494240642512908288.0000 37851172.9152  292827966368.6
4.740     5757517622972506112.0000 5757517622934027264.0000 38478662.2120  297682410777.1
4.770     6031206860469935104.0000 6031206860430823424.0000 39111427.7531  302577673785.4
4.800     6315634394833056768.0000 6315634394793307136.0000 39749470.9804  307513766548.3
4.830     6611133834048324608.0000 6611133834007931904.0000 40392793.3160  312490700068.4
4.860     6918046469724682240.0000 6918046469683641344.0000 41041396.1628  317508485198.3
4.890     7236721393378486272.0000 7236721393336791040.0000 41695280.9047  322567132644.7
4.920     7567515613578091520.0000 7567515613535736832.0000 42354448.9072  327666652971.4
4.950     7910794173946994688.0000 7910794173903975424.0000 43018901.5177  332807056602.1
4.980     8266930272026255360.0000 8266930271982566400.0000 43688640.0658  337988353823.6
5.010     8636305378994315264.0000 8636305378949951488.0000 44363665.8640  343210554788.6
5.040     9019309360247663616.0000 9019309360202619904.0000 45043980.2076  348473669518.8
5.070     9416340596837937152.0000 9416340596792207360.0000 45729584.3754  353777707907.3
5.100     9827806107768252416.0000 9827806107721832448.0000 46420479.6300  359122679721.5
5.130     10254121673147760640.0000 10254121673100644352.0000 47116667.2179  364508594605.5
5.160     10695711958204282880.0000 10695711958156464128.0000 47818148.3702  369935462082.9
5.190     11153010638153871360.0000 11153010638105346048.0000 48524924.3026  375403291559.0
5.220     11626460523930214400.0000 11626460523880976384.0000 49236996.2160  380912092323.6
5.250     12116513688770045952.0000 12116513688720091136.0000 49954365.2963  386461873552.8
5.280     12623631595656349696.0000 12623631595605671936.0000 50677032.7155  392052644311.6
5.310     13148285225620287488.0000 13148285225568882688.0000 51404999.6312  397684413556.0
5.340     13690955206898931712.0000 13690955206846793728.0000 52138267.1871  403357190135.4
5.370     14252131944950857728.0000 14252131944897980416.0000 52876836.5138  409070982794.5
5.400     14832315753329408000.0000 14832315753275787264.0000 53620708.7281  414825800175.1
5.430     15432016985412046848.0000 15432016985357676544.0000 54369884.9343  420621650818.8
5.460     16051756166987194368.0000 16051756166932070400.0000 55124366.2236  426458543168.1
5.490     16692064129697482752.0000 16692064129641598976.0000 55884153.6747  432336485569.0
5.520     17353482145340235776.0000 17353482145283586048.0000 56649248.3543  438255486272.3
5.550     18036562061024374784.0000 18036562060966955008.0000 57419651.3168  444215553435.9
5.580     18741866435182465024.0000 18741866435124269056.0000 58195363.6049  450216695126.2
5.610     19469968674441109504.0000 19469968674382131200.0000 58976386.2497  456258919319.9
5.640     20221453171347279872.0000 20221453171287515136.0000 59762720.2708  462342233905.7
5.670     20996915442948632576.0000 20996915442888077312.0000 60554366.6768  468466646686.0
5.700     21796962270232698880.0000 21796962270171348992.0000 61351326.4652  474632165378.4
5.730     22622211838419959808.0000 22622211838357807104.0000 62153600.6230  480838797617.2
5.760     23473293878114439168.0000 23473293878051479552.0000 62961190.1264  487086550955.0
5.790     24350849807308435456.0000 24350849807244660736.0000 63774095.9411  493375432864.2
5.820     25255532874243530752.0000 25255532874178936832.0000 64592319.0230  499705450738.4
5.850     26188008301127352320.0000 26188008301061935104.0000 65415860.3178  506076611893.6
5.880     27148953428706021376.0000 27148953428639776768.0000 66244720.7612  512488923570.1
5.910     28139057861690236928.0000 28139057861623156736.0000 67078901.2795  518942392933.4
5.940     29159023615038902272.0000 29159023614970982400.0000 67918402.7895  525437027075.5
5.970     30209565261096734720.0000 30209565261027971072.0000 68763226.1986  531972833016.4
6.000     31291410077586911232.0000 31291410077517299712.0000 69613372.4049  538549817705.2
